<?xml version="1.0" encoding="UTF-8"?>
<testsuite xmlns:xsi="http://www.w3.org/2001/XMLSchema-instance" xsi:noNamespaceSchemaLocation="https://maven.apache.org/surefire/maven-surefire-plugin/xsd/surefire-test-report-3.0.xsd" version="3.0" name="com.example.packageservice.PackageControllerTests" time="7.546" tests="5" errors="0" skipped="0" failures="0">
  <properties>
[...]
</properties>
  <testcase name="deletePackage" classname="com.example.packageservice.PackageControllerTests" time="0.219">
    <system-out><![CDATA[10:38:18.618 [main] INFO org.springframework.test.context.support.AnnotationConfigContextLoaderUtils -- Could not detect default configuration classes for test class [com.example.packageservice.PackageControllerTests]: PackageControllerTests does not declare any static, non-private, non-final, nested classes annotated with @Configuration.
10:38:18.742 [main] INFO org.springframework.boot.test.context.SpringBootTestContextBootstrapper -- Found @SpringBootConfiguration com.example.packageservice.PackageServiceApplication for test class com.example.packageservice.PackageControllerTests

  .   ____          _            __ _ _
 /\\ / ___'_ __ _ _(_)_ __  __ _ \ \ \ \
( ( )\___ | '_ | '_| | '_ \/ _` | \ \ \ \
 \\/  ___)| |_)| | | | | || (_| |  ) ) ) )
  '  |____| .__|_| |_|_| |_\__, | / / / /
 =========|_|==============|___/=/_/_/_/
 :: Spring Boot ::                (v3.1.0)

2026-02-22 10:38:19 INFO  c.e.p.PackageControllerTests - Starting PackageControllerTests using Java 17.0.1 with PID 4064 (started by Jack in C:\repos\package-service\package-service)
2026-02-22 10:38:19 DEBUG c.e.p.PackageControllerTests - Running with Spring Boot v3.1.0, Spring v6.0.9
2026-02-22 10:38:19 INFO  c.e.p.PackageControllerTests - No active profile set, falling back to 1 default profile: "default"
2026-02-22 10:38:20 INFO  o.s.d.r.c.RepositoryConfigurationDelegate - Bootstrapping Spring Data JPA repositories in DEFAULT mode.
2026-02-22 10:38:20 INFO  o.s.d.r.c.RepositoryConfigurationDelegate - Finished Spring Data repository scanning in 41 ms. Found 1 JPA repository interfaces.
2026-02-22 10:38:21 INFO  o.s.b.w.e.tomcat.TomcatWebServer - Tomcat initialized with port(s): 0 (http)
2026-02-22 10:38:21 INFO  o.a.catalina.core.StandardService - Starting service [Tomcat]
2026-02-22 10:38:21 INFO  o.a.catalina.core.StandardEngine - Starting Servlet engine: [Apache Tomcat/10.1.8]
2026-02-22 10:38:21 INFO  o.a.c.c.C.[Tomcat].[localhost].[/] - Initializing Spring embedded WebApplicationContext
2026-02-22 10:38:22 INFO  o.s.b.w.s.c.ServletWebServerApplicationContext - Root WebApplicationContext: initialization completed in 2754 ms
2026-02-22 10:38:22 INFO  o.h.jpa.internal.util.LogHelper - HHH000204: Processing PersistenceUnitInfo [name: default]
2026-02-22 10:38:22 INFO  org.hibernate.Version - HHH000412: Hibernate ORM core version 6.2.2.Final
2026-02-22 10:38:22 INFO  org.hibernate.cfg.Environment - HHH000406: Using bytecode reflection optimizer
2026-02-22 10:38:22 INFO  o.h.b.i.BytecodeProviderInitiator - HHH000021: Bytecode provider name : bytebuddy
2026-02-22 10:38:22 INFO  o.s.o.j.p.SpringPersistenceUnitInfo - No LoadTimeWeaver setup: ignoring JPA class transformer
2026-02-22 10:38:22 INFO  com.zaxxer.hikari.HikariDataSource - HikariPool-1 - Starting...
2026-02-22 10:38:22 INFO  com.zaxxer.hikari.pool.HikariPool - HikariPool-1 - Added connection org.postgresql.jdbc.PgConnection@7977f046
2026-02-22 10:38:22 INFO  com.zaxxer.hikari.HikariDataSource - HikariPool-1 - Start completed.
2026-02-22 10:38:22 INFO  org.hibernate.orm.dialect - HHH035001: Using dialect: org.hibernate.dialect.PostgreSQLDialect, version: org.hibernate.engine.jdbc.env.internal.JdbcEnvironmentInitiator$DialectResolutionInfoImpl@17e6b7e4
2026-02-22 10:38:23 INFO  o.h.b.i.BytecodeProviderInitiator - HHH000021: Bytecode provider name : bytebuddy
2026-02-22 10:38:23 INFO  o.h.e.t.j.p.i.JtaPlatformInitiator - HHH000490: Using JtaPlatform implementation: [org.hibernate.engine.transaction.jta.platform.internal.NoJtaPlatform]
2026-02-22 10:38:23 INFO  o.s.o.j.LocalContainerEntityManagerFactoryBean - Initialized JPA EntityManagerFactory for persistence unit 'default'
2026-02-22 10:38:24 INFO  c.e.p.gateway.ProductServiceGateway - Products cache updated with 9 items
2026-02-22 10:38:24 INFO  c.e.p.service.CurrencyService - Currency rates cache updated with 29 items
2026-02-22 10:38:25 WARN  o.s.b.a.o.j.JpaBaseConfiguration$JpaWebConfiguration - spring.jpa.open-in-view is enabled by default. Therefore, database queries may be performed during view rendering. Explicitly configure spring.jpa.open-in-view to disable this warning
2026-02-22 10:38:25 INFO  o.s.b.w.e.tomcat.TomcatWebServer - Tomcat started on port(s): 52355 (http) with context path ''
2026-02-22 10:38:25 INFO  c.e.p.PackageControllerTests - Started PackageControllerTests in 6.726 seconds (process running for 7.685)
2026-02-22 10:38:25 INFO  o.a.c.c.C.[Tomcat].[localhost].[/] - Initializing Spring DispatcherServlet 'dispatcherServlet'
2026-02-22 10:38:25 INFO  o.s.web.servlet.DispatcherServlet - Initializing Servlet 'dispatcherServlet'
2026-02-22 10:38:25 INFO  o.s.web.servlet.DispatcherServlet - Completed initialization in 1 ms
]]></system-out>
  </testcase>
  <testcase name="getPackage" classname="com.example.packageservice.PackageControllerTests" time="0.051"/>
  <testcase name="createPackage" classname="com.example.packageservice.PackageControllerTests" time="0.086"/>
  <testcase name="listPackages" classname="com.example.packageservice.PackageControllerTests" time="0.01"/>
  <testcase name="updatePackage" classname="com.example.packageservice.PackageControllerTests" time="0.009"/>
</testsuite>